<?xml version="1.0" encoding="UTF-8"?>
<!-- Generated by org.testng.reporters.JUnitXMLReporter -->
<testsuite ignored="0" hostname="DESKTOP-2G48EG8" failures="1" tests="3" name="Fist-Test" time="0.121" errors="0" timestamp="2025-01-30T23:47:14 IST">
  <testcase classname="TestNG.Test1" name="method1" time="0.015"/>
  <testcase classname="TestNG.Test1" name="method2" time="0.013">
    <failure type="java.lang.AssertionError" message="expected [true] but found [false]">
      <![CDATA[java.lang.AssertionError: expected [true] but found [false]
at TestNG.Test1.method2(Test1.java:26)
at java.base/java.util.ArrayList.forEach(ArrayList.java:1597)
... Removed 29 stack frames]]>
    </failure>
  </testcase> <!-- method2 -->
  <testcase classname="TestNG.Test1" name="method3" time="0.003"/>
</testsuite> <!-- Fist-Test -->
