<?xml version="1.0" encoding="UTF-8"?>
<!-- Generated by org.testng.reporters.JUnitXMLReporter -->
<testsuite ignored="4" hostname="DESKTOP-2G48EG8" failures="0" tests="2" name="Test" time="0.098" errors="0" timestamp="2025-01-29T00:22:05 IST">
  <testcase classname="TestNG.Test2" name="TestCase1" time="0.025"/>
  <testcase classname="TestNG.Test2" name="TestCase3" time="0.004"/>
  <testcase classname="TestNG.Test1" name="method3" time="0.0">
    <ignored/>
  </testcase> <!-- method3 -->
  <testcase classname="TestNG.Test1" name="method2" time="0.0">
    <ignored/>
  </testcase> <!-- method2 -->
  <testcase classname="TestNG.Test2" name="TestCase2" time="0.0">
    <ignored/>
  </testcase> <!-- TestCase2 -->
  <testcase classname="TestNG.Test1" name="method1" time="0.0">
    <ignored/>
  </testcase> <!-- method1 -->
</testsuite> <!-- Test -->
