<?xml version="1.0" encoding="UTF-8"?>
<testng-results ignored="0" total="1" passed="1" failed="0" skipped="0">
  <reporter-output>
  </reporter-output>
  <suite started-at="2025-02-04T23:55:22 IST" name="Default suite" finished-at="2025-02-04T23:55:46 IST" duration-ms="23804">
    <groups>
    </groups>
    <test started-at="2025-02-04T23:55:22 IST" name="Default test" finished-at="2025-02-04T23:55:46 IST" duration-ms="23804">
      <class name="TestNG.ExtendsReport">
        <test-method is-config="true" signature="config()[pri:0, instance:TestNG.ExtendsReport@6069db50]" started-at="2025-02-04T23:55:22 IST" name="config" finished-at="2025-02-04T23:55:22 IST" duration-ms="555" status="PASS">
          <reporter-output>
          </reporter-output>
        </test-method> <!-- config -->
        <test-method signature="launchApplication()[pri:0, instance:TestNG.ExtendsReport@6069db50]" started-at="2025-02-04T23:55:22 IST" name="launchApplication" finished-at="2025-02-04T23:55:44 IST" duration-ms="21848" status="PASS">
          <reporter-output>
          </reporter-output>
        </test-method> <!-- launchApplication -->
        <test-method is-config="true" signature="closeBrowser()[pri:0, instance:TestNG.ExtendsReport@6069db50]" started-at="2025-02-04T23:55:44 IST" name="closeBrowser" finished-at="2025-02-04T23:55:46 IST" duration-ms="1313" status="PASS">
          <reporter-output>
          </reporter-output>
        </test-method> <!-- closeBrowser -->
      </class> <!-- TestNG.ExtendsReport -->
    </test> <!-- Default test -->
  </suite> <!-- Default suite -->
</testng-results>
